#
# There is insufficient memory for the Java Runtime Environment to continue.
# Native memory allocation (malloc) failed to allocate 1048576 bytes for AllocateHeap
# Possible reasons:
#   The system is out of physical RAM or swap space
#   The process is running with CompressedOops enabled, and the Java Heap may be blocking the growth of the native heap
# Possible solutions:
#   Reduce memory load on the system
#   Increase physical memory or swap space
#   Check if swap backing store is full
#   Decrease Java heap size (-Xmx/-Xms)
#   Decrease number of Java threads
#   Decrease Java thread stack sizes (-Xss)
#   Set larger code cache with -XX:ReservedCodeCacheSize=
#   JVM is running with Unscaled Compressed Oops mode in which the Java heap is
#     placed in the first 4GB address space. The Java Heap base address is the
#     maximum limit for the native heap growth. Please use -XX:HeapBaseMinAddress
#     to set the Java Heap base and to place the Java Heap above 4GB virtual address.
# This output file may be truncated or incomplete.
#
#  Out of Memory Error (allocation.cpp:44), pid=22184, tid=20248
#
# JRE version:  (21.0.1+12) (build )
# Java VM: Java HotSpot(TM) 64-Bit Server VM (21.0.1+12-LTS-29, mixed mode, sharing, tiered, compressed oops, compressed class ptrs, g1 gc, windows-amd64)
# No core dump will be written. Minidumps are not enabled by default on client versions of Windows
#

---------------  S U M M A R Y ------------

Command Line: --add-modules=ALL-DEFAULT jdk.compiler/com.sun.tools.javac.launcher.Main Client.java

Host: Intel(R) Core(TM) i7-8700K CPU @ 3.70GHz, 12 cores, 47G,  Windows 11 , 64 bit Build 22621 (10.0.22621.2506)
Time: Sat Jan 13 17:24:24 2024 ora solare Europa occidentale elapsed time: 12.685108 seconds (0d 0h 0m 12s)

---------------  T H R E A D  ---------------

Current thread (0x0000025a171c9320):  JavaThread "Unknown thread" [_thread_in_vm, id=20248, stack(0x000000ddb9e00000,0x000000ddb9f00000) (1024K)]

Stack: [0x000000ddb9e00000,0x000000ddb9f00000]
Native frames: (J=compiled Java code, j=interpreted, Vv=VM code, C=native code)
V  [jvm.dll+0x6c9029]
V  [jvm.dll+0x854b81]
V  [jvm.dll+0x856e5e]
V  [jvm.dll+0x857543]
V  [jvm.dll+0x280c06]
V  [jvm.dll+0xbea87]
V  [jvm.dll+0x326fd5]
V  [jvm.dll+0x81d13d]
V  [jvm.dll+0x3bb4f1]
V  [jvm.dll+0x805ae8]
V  [jvm.dll+0x44effe]
V  [jvm.dll+0x450901]
C  [jli.dll+0x52a3]
C  [ucrtbase.dll+0x29363]
C  [KERNEL32.DLL+0x1257d]
C  [ntdll.dll+0x5aa58]


---------------  P R O C E S S  ---------------

Threads class SMR info:
_java_thread_list=0x00007ff9e1c19b88, length=0, elements={
}

Java Threads: ( => current thread )
Total: 0

Other Threads:

=>0x0000025a171c9320 (exited) JavaThread "Unknown thread"    [_thread_in_vm, id=20248, stack(0x000000ddb9e00000,0x000000ddb9f00000) (1024K)]
Total: 1

Threads with active compile tasks:
Total: 0

VM state: not at safepoint (not fully initialized)

VM Mutex/Monitor currently owned by a thread: None

Heap address: 0x0000000000000000, size: 0 MB, Compressed Oops mode: 32-bit

CDS archive(s) mapped at: [0x0000000000000000-0x0000000000000000-0x0000000000000000), size 0, SharedBaseAddress: 0x0000000800000000, ArchiveRelocationMode: 1.
Narrow klass base: 0x0000000000000000, Narrow klass shift: 0, Narrow klass range: 0x0

GC Precious Log:
 CardTable entry size: 512
 Card Set container configuration: InlinePtr #cards 4 size 8 Array Of Cards #cards 64 size 144 Howl #buckets 8 coarsen threshold 14745 Howl Bitmap #cards 2048 size 272 coarsen threshold 1843 Card regions per heap region 1 cards per card region 16384

GC Heap History (0 events):
No events

Dll operation events (1 events):
Event: 8.559 Loaded shared library C:\Program Files\Java\jdk-21\bin\java.dll

Deoptimization events (0 events):
No events

Classes loaded (0 events):
No events

Classes unloaded (0 events):
No events

Classes redefined (0 events):
No events

Internal exceptions (0 events):
No events

ZGC Phase Switch (0 events):
No events

VM Operations (0 events):
No events

Events (0 events):
No events


Dynamic libraries:
0x00007ff605d40000 - 0x00007ff605d50000 	C:\Program Files\Java\jdk-21\bin\java.exe
0x00007ffaaabd0000 - 0x00007ffaaade7000 	C:\Windows\SYSTEM32\ntdll.dll
0x00007ffaaaaa0000 - 0x00007ffaaab64000 	C:\Windows\System32\KERNEL32.DLL
0x00007ffaa8390000 - 0x00007ffaa8736000 	C:\Windows\System32\KERNELBASE.dll
0x00007ffaa8740000 - 0x00007ffaa8851000 	C:\Windows\System32\ucrtbase.dll
0x00007ffa40950000 - 0x00007ffa40969000 	C:\Program Files\Java\jdk-21\bin\jli.dll
0x00007ffaa9fe0000 - 0x00007ffaaa093000 	C:\Windows\System32\ADVAPI32.dll
0x00007ffaa8920000 - 0x00007ffaa89c7000 	C:\Windows\System32\msvcrt.dll
0x00007ffaa9680000 - 0x00007ffaa9728000 	C:\Windows\System32\sechost.dll
0x00007ffaa7f10000 - 0x00007ffaa7f38000 	C:\Windows\System32\bcrypt.dll
0x00007ffaa8d60000 - 0x00007ffaa8e77000 	C:\Windows\System32\RPCRT4.dll
0x00007ffaa8e80000 - 0x00007ffaa902e000 	C:\Windows\System32\USER32.dll
0x00007ffaa7f40000 - 0x00007ffaa7f66000 	C:\Windows\System32\win32u.dll
0x00007ffaaa400000 - 0x00007ffaaa429000 	C:\Windows\System32\GDI32.dll
0x00007ffaa81f0000 - 0x00007ffaa8308000 	C:\Windows\System32\gdi32full.dll
0x00007ffaa7fe0000 - 0x00007ffaa807a000 	C:\Windows\System32\msvcp_win.dll
0x00007ffa8e000000 - 0x00007ffa8e293000 	C:\Windows\WinSxS\amd64_microsoft.windows.common-controls_6595b64144ccf1df_6.0.22621.2506_none_270c5ae97388e100\COMCTL32.dll
0x00007ffa9f380000 - 0x00007ffa9f38a000 	C:\Windows\SYSTEM32\VERSION.dll
0x00007ffa40930000 - 0x00007ffa4094b000 	C:\Program Files\Java\jdk-21\bin\VCRUNTIME140.dll
0x00007ffaaa4a0000 - 0x00007ffaaa4d1000 	C:\Windows\System32\IMM32.DLL
0x00007ffa40a00000 - 0x00007ffa40a0c000 	C:\Program Files\Java\jdk-21\bin\vcruntime140_1.dll
0x00007ffa408a0000 - 0x00007ffa4092e000 	C:\Program Files\Java\jdk-21\bin\msvcp140.dll
0x00007ff9e1050000 - 0x00007ff9e1d65000 	C:\Program Files\Java\jdk-21\bin\server\jvm.dll
0x00007ffaa89d0000 - 0x00007ffaa8a41000 	C:\Windows\System32\WS2_32.dll
0x00007ffa9e160000 - 0x00007ffa9e194000 	C:\Windows\SYSTEM32\WINMM.dll
0x00007ffaa7780000 - 0x00007ffaa77cd000 	C:\Windows\SYSTEM32\POWRPROF.dll
0x00007ffaa7740000 - 0x00007ffaa7753000 	C:\Windows\SYSTEM32\UMPDC.dll
0x00007ffaa6f00000 - 0x00007ffaa6f18000 	C:\Windows\SYSTEM32\kernel.appcore.dll
0x00007ffa40890000 - 0x00007ffa4089a000 	C:\Program Files\Java\jdk-21\bin\jimage.dll
0x00007ffaa5750000 - 0x00007ffaa5983000 	C:\Windows\SYSTEM32\DBGHELP.DLL
0x00007ffaa92f0000 - 0x00007ffaa9679000 	C:\Windows\System32\combase.dll
0x00007ffaaa9c0000 - 0x00007ffaaaa97000 	C:\Windows\System32\OLEAUT32.dll
0x00007ffa8a1f0000 - 0x00007ffa8a222000 	C:\Windows\SYSTEM32\dbgcore.DLL
0x00007ffaa8310000 - 0x00007ffaa838a000 	C:\Windows\System32\bcryptPrimitives.dll
0x00007ffa40870000 - 0x00007ffa4088f000 	C:\Program Files\Java\jdk-21\bin\java.dll

dbghelp: loaded successfully - version: 4.0.5 - missing functions: none
symbol engine: initialized successfully - sym options: 0x614 - pdb path: .;C:\Program Files\Java\jdk-21\bin;C:\Windows\SYSTEM32;C:\Windows\WinSxS\amd64_microsoft.windows.common-controls_6595b64144ccf1df_6.0.22621.2506_none_270c5ae97388e100;C:\Program Files\Java\jdk-21\bin\server

VM Arguments:
jvm_args: --add-modules=ALL-DEFAULT 
java_command: jdk.compiler/com.sun.tools.javac.launcher.Main Client.java
java_class_path (initial): .
Launcher Type: SUN_STANDARD

[Global flags]
     intx CICompilerCount                          = 4                                         {product} {ergonomic}
     uint ConcGCThreads                            = 3                                         {product} {ergonomic}
     uint G1ConcRefinementThreads                  = 10                                        {product} {ergonomic}
   size_t G1HeapRegionSize                         = 8388608                                   {product} {ergonomic}
    uintx GCDrainStackTargetSize                   = 64                                        {product} {ergonomic}
   size_t InitialHeapSize                          = 805306368                                 {product} {ergonomic}
   size_t MarkStackSize                            = 4194304                                   {product} {ergonomic}
   size_t MaxHeapSize                              = 12876513280                               {product} {ergonomic}
   size_t MinHeapDeltaBytes                        = 8388608                                   {product} {ergonomic}
   size_t MinHeapSize                              = 8388608                                   {product} {ergonomic}
    uintx NonNMethodCodeHeapSize                   = 5839372                                {pd product} {ergonomic}
    uintx NonProfiledCodeHeapSize                  = 122909434                              {pd product} {ergonomic}
     bool PerfDisableSharedMem                     = true                                      {product} {ergonomic}
    uintx ProfiledCodeHeapSize                     = 122909434                              {pd product} {ergonomic}
    uintx ReservedCodeCacheSize                    = 251658240                              {pd product} {ergonomic}
     bool SegmentedCodeCache                       = true                                      {product} {ergonomic}
   size_t SoftMaxHeapSize                          = 12876513280                            {manageable} {ergonomic}
     bool UseCompressedOops                        = true                           {product lp64_product} {ergonomic}
     bool UseG1GC                                  = true                                      {product} {ergonomic}
     bool UseLargePagesIndividualAllocation        = false                                  {pd product} {ergonomic}

Logging:
Log output configuration:
 #0: stdout all=warning uptime,level,tags foldmultilines=false
 #1: stderr all=off uptime,level,tags foldmultilines=false

Environment Variables:
PATH=C:\Program Files\Common Files\Oracle\Java\javapath;C:\Ruby32-x64\bin;C:\Program Files\Eclipse Adoptium\jre-8.0.382.5-hotspot\bin;C:\Windows\system32;C:\Windows;C:\Windows\System32\Wbem;C:\Windows\System32\WindowsPowerShell\v1.0\;C:\Windows\System32\OpenSSH\;C:\ProgramData\chocolatey\bin;C:\Program Files\nodejs\;C:\Program Files\Git\cmd;C:\Program Files\dotnet\;C:\Users\Neme\AppData\Local\Programs\Python\Python311\Scripts\;C:\Users\Neme\AppData\Local\Programs\Python\Python311\;C:\Users\Neme\AppData\Local\Microsoft\WindowsApps;C:\Users\Neme\AppData\Local\Programs\Microsoft VS Code\bin;C:\Users\Neme\AppData\Local\JetBrains\Toolbox\scripts;C:\Users\Neme\AppData\Local\GitHubDesktop\bin;C:\Users\Neme\AppData\Roaming\npm;C:\Users\Neme\.dotnet\tools
USERNAME=Neme
OS=Windows_NT
PROCESSOR_IDENTIFIER=Intel64 Family 6 Model 158 Stepping 10, GenuineIntel
TMP=C:\Users\Neme\AppData\Local\Temp
TEMP=C:\Users\Neme\AppData\Local\Temp




Periodic native trim disabled

---------------  S Y S T E M  ---------------

OS:
 Windows 11 , 64 bit Build 22621 (10.0.22621.2506)
OS uptime: 0 days 7:25 hours
Hyper-V role detected

CPU: total 12 (initial active 12) (6 cores per cpu, 2 threads per core) family 6 model 158 stepping 10 microcode 0xea, cx8, cmov, fxsr, ht, mmx, 3dnowpref, sse, sse2, sse3, ssse3, sse4.1, sse4.2, popcnt, lzcnt, tsc, tscinvbit, avx, avx2, aes, erms, clmul, bmi1, bmi2, rtm, adx, fma, vzeroupper, clflush, clflushopt, hv, rdtscp, f16c
Processor Information for all 12 processors :
  Max Mhz: 3696, Current Mhz: 3696, Mhz Limit: 3696

Memory: 4k page, system-wide physical 49094M (34350M free)
TotalPageFile size 94507M (AvailPageFile size 1525M)
current process WorkingSet (physical memory assigned to process): 10M, peak: 10M
current process commit charge ("private bytes"): 14M, peak: 15M

vm_info: Java HotSpot(TM) 64-Bit Server VM (21.0.1+12-LTS-29) for windows-amd64 JRE (21.0.1+12-LTS-29), built on 2023-10-05T13:27:09Z by "mach5one" with MS VC++ 17.1 (VS2022)

END.
