#
# A fatal error has been detected by the Java Runtime Environment:
#
#  EXCEPTION_ACCESS_VIOLATION (0xc0000005) at pc=0x00007ffa40891bc5, pid=21156, tid=25612
#
# JRE version:  (21.0.1+12) (build )
# Java VM: Java HotSpot(TM) 64-Bit Server VM (21.0.1+12-LTS-29, mixed mode, sharing, tiered, compressed class ptrs, unknown gc, windows-amd64)
# Problematic frame:
# C  [jimage.dll+0x1bc5]
#
# No core dump will be written. Minidumps are not enabled by default on client versions of Windows
#
#

---------------  S U M M A R Y ------------

Command Line: 

Host: Intel(R) Core(TM) i7-8700K CPU @ 3.70GHz, 12 cores, 47G,  Windows 11 , 64 bit Build 22621 (10.0.22621.2506)
Time: Sat Jan 13 17:24:26 2024 ora solare Europa occidentale elapsed time: 3.904752 seconds (0d 0h 0m 3s)

---------------  T H R E A D  ---------------

Current thread is native thread

Stack: [0x0000005532c00000,0x0000005532d00000],  sp=0x0000005532cfd550,  free space=1013k
Native frames: (J=compiled Java code, j=interpreted, Vv=VM code, C=native code)
C  [jimage.dll+0x1bc5]
C  [jimage.dll+0x1d53]
C  [jimage.dll+0x261d]
V  [jvm.dll+0x21fce0]
V  [jvm.dll+0xc83f7]
V  [jvm.dll+0x80591c]
V  [jvm.dll+0x44effe]
V  [jvm.dll+0x450901]
C  [jli.dll+0x52a3]
C  [ucrtbase.dll+0x29363]
C  [KERNEL32.DLL+0x1257d]
C  [ntdll.dll+0x5aa58]


siginfo: EXCEPTION_ACCESS_VIOLATION (0xc0000005), reading address 0x000000000000cdac


Registers:
RAX=0x0000000000003364, RBX=0x0000005532cfd641, RCX=0x00007ffa40896000, RDX=0x0000000000003364
RSP=0x0000005532cfd550, RBP=0x0000005532cfd640, RSI=0x0000000000007704, RDI=0x0000005532cfd640
R8 =0x00007ffa40894298, R9 =0x000000000000001c, R10=0x00007ffa40930000, R11=0x00007ffa40896000
R12=0x0000000000000000, R13=0x0000005532cffac0, R14=0x0000005532cfe6b0, R15=0x00007ff9e1a019e8
RIP=0x00007ffa40891bc5, EFLAGS=0x0000000000010246


Top of Stack: (sp=0x0000005532cfd550)
0x0000005532cfd550:   000001b19f010150 00000000ed0002ef
0x0000005532cfd560:   000001b19eee0b40 000001b19f010000
0x0000005532cfd570:   000001b19f01b3a0 00007ffa40891d53
0x0000005532cfd580:   000000000000000b 000001b19f01b3a0
0x0000005532cfd590:   00000000000006f5 00000000000006f5
0x0000005532cfd5a0:   00000000000006f5 00007ffaaac1423a
0x0000005532cfd5b0:   000001b19f013310 000001b1ed0002ef
0x0000005532cfd5c0:   000001b19f010000 00007ffa000003ff
0x0000005532cfd5d0:   00000000000006f5 000001b1a1290080
0x0000005532cfd5e0:   0000cf555f638e8e 000001b19f010150
0x0000005532cfd5f0:   00007ff9e19df460 0000000000000017
0x0000005532cfd600:   000001b19f01b3a0 0000005532cfe6b0
0x0000005532cfd610:   000000000000000b 00007ffa4089261d
0x0000005532cfd620:   000001b19f010000 00007ffa000003ff
0x0000005532cfd630:   000000000000079d 000001b1a12bf600
0x0000005532cfd640:   61622e6176616a2f 692f6b646a2f6573
0x0000005532cfd650:   2f6c616e7265746e 6f6974706f2f6d76
0x0000005532cfd660:   000001b19f00736e 000001b1a12c0fc0
0x0000005532cfd670:   000001b1000003ff 000000000000079d
0x0000005532cfd680:   000001b1a1290000 000001b105010004
0x0000005532cfd690:   00000000000005eb 0000000000005eb0
0x0000005532cfd6a0:   000001b19f01007c 000001b19f010150
0x0000005532cfd6b0:   000001b1a12bf5f0 00007ffaed0002ef
0x0000005532cfd6c0:   000001b19f010000 0000005502000002
0x0000005532cfd6d0:   0000000000000000 0000000000000000
0x0000005532cfd6e0:   000001b19f010150 000001b1a12c54a0
0x0000005532cfd6f0:   0000000000000000 0000000000000000
0x0000005532cfd700:   00000000000001b2 00007ffaaac1423a
0x0000005532cfd710:   000001b19f013310 0000005532cfda49
0x0000005532cfd720:   000001b19f010000 00000000000001b2
0x0000005532cfd730:   000001b1a12c54b0 000001b1a12c54a0
0x0000005532cfd740:   000001b19f0102c0 00007ffaaac0f476 

Instructions: (pc=0x00007ffa40891bc5)
0x00007ffa40891ac5:   48 85 c9 74 1d 80 3d 3f 45 00 00 00 74 06 48 8b
0x00007ffa40891ad5:   53 18 eb 04 48 8b 53 40 e8 9a 0e 00 00 48 83 63
0x00007ffa40891ae5:   48 00 8b 4b 0c 83 f9 ff 74 09 e8 d0 0c 00 00 83
0x00007ffa40891af5:   4b 0c ff 48 8b 4b 70 48 85 c9 74 0f ba 10 00 00
0x00007ffa40891b05:   00 e8 f1 0e 00 00 48 83 63 70 00 48 83 c4 20 5b
0x00007ffa40891b15:   c3 cc cc 40 53 48 83 ec 20 48 8b d9 48 8d 0d f8
0x00007ffa40891b25:   46 00 00 e8 9f 0c 00 00 83 6b 08 01 75 24 48 8b
0x00007ffa40891b35:   d3 48 8d 0d db 44 00 00 e8 22 08 00 00 48 8b cb
0x00007ffa40891b45:   e8 d6 fe ff ff ba 78 00 00 00 48 8b cb e8 a5 0e
0x00007ffa40891b55:   00 00 48 8d 0d c2 46 00 00 48 83 c4 20 5b e9 6c
0x00007ffa40891b65:   0c 00 00 48 89 5c 24 08 48 89 74 24 10 57 48 83
0x00007ffa40891b75:   ec 20 41 8b f1 4d 8b c8 48 8b fa 4c 8b d9 4d 85
0x00007ffa40891b85:   c0 74 78 85 f6 74 74 44 8a 12 48 8d 5a 01 48 8b
0x00007ffa40891b95:   d3 b8 93 01 00 01 eb 12 69 c0 93 01 00 01 41 0f
0x00007ffa40891ba5:   b6 ca 44 8a 12 33 c1 48 ff c2 45 84 d2 75 e9 4d
0x00007ffa40891bb5:   8b 03 0f ba f0 1f 33 d2 49 8b cb f7 f6 48 63 c2
0x00007ffa40891bc5:   41 8b 14 81 41 ff 50 08 85 c0 7e 24 8a 0f eb 10
0x00007ffa40891bd5:   69 c0 93 01 00 01 0f b6 c9 33 c1 8a 0b 48 ff c3
0x00007ffa40891be5:   84 c9 75 ec 0f ba f0 1f 33 d2 f7 f6 8b c2 eb 0e
0x00007ffa40891bf5:   79 09 83 c9 ff 2b c8 8b c1 eb 03 83 c8 ff 48 8b
0x00007ffa40891c05:   5c 24 30 48 8b 74 24 38 48 83 c4 20 5f c3 cc 48
0x00007ffa40891c15:   89 5c 24 08 48 89 74 24 10 57 48 83 ec 20 48 8b
0x00007ffa40891c25:   f1 48 8d 0d f3 45 00 00 e8 9a 0b 00 00 33 ff 39
0x00007ffa40891c35:   3d de 43 00 00 76 24 48 8b 05 dd 43 00 00 48 8b
0x00007ffa40891c45:   d6 48 8b 1c f8 48 8b 0b e8 68 1e 00 00 85 c0 74
0x00007ffa40891c55:   2b ff c7 3b 3d ba 43 00 00 72 dc 33 db 48 8d 0d
0x00007ffa40891c65:   b7 45 00 00 e8 66 0b 00 00 48 8b 74 24 38 48 8b
0x00007ffa40891c75:   c3 48 8b 5c 24 30 48 83 c4 20 5f c3 ff 43 08 eb
0x00007ffa40891c85:   dc cc cc 48 89 5c 24 08 48 89 74 24 10 57 48 83
0x00007ffa40891c95:   ec 20 48 8b d9 48 8b f2 48 8b 49 10 49 8b f8 8b
0x00007ffa40891ca5:   53 30 48 8b 01 ff 50 20 4c 8b 43 50 48 8b d6 48
0x00007ffa40891cb5:   8b 4b 10 44 8b c8 e8 a8 fe ff ff 83 f8 ff 74 38 



---------------  P R O C E S S  ---------------

VM state: not at safepoint (not fully initialized)

VM Mutex/Monitor currently owned by a thread: None

CDS archive(s) mapped at: [0x0000000000000000-0x0000000000000000-0x0000000000000000), size 0, SharedBaseAddress: 0x0000000800000000, ArchiveRelocationMode: 1.
Narrow klass base: 0x0000000000000000, Narrow klass shift: 0, Narrow klass range: 0x0

GC Precious Log:
<Not initialized>


Dynamic libraries:
0x00007ff605d40000 - 0x00007ff605d50000 	C:\Program Files\Java\jdk-21\bin\java.exe
0x00007ffaaabd0000 - 0x00007ffaaade7000 	C:\Windows\SYSTEM32\ntdll.dll
0x00007ffaaaaa0000 - 0x00007ffaaab64000 	C:\Windows\System32\KERNEL32.DLL
0x00007ffaa8390000 - 0x00007ffaa8736000 	C:\Windows\System32\KERNELBASE.dll
0x00007ffaa8740000 - 0x00007ffaa8851000 	C:\Windows\System32\ucrtbase.dll
0x00007ffa40930000 - 0x00007ffa4094b000 	C:\Program Files\Java\jdk-21\bin\VCRUNTIME140.dll
0x00007ffa40950000 - 0x00007ffa40969000 	C:\Program Files\Java\jdk-21\bin\jli.dll
0x00007ffaa9fe0000 - 0x00007ffaaa093000 	C:\Windows\System32\ADVAPI32.dll
0x00007ffaa8920000 - 0x00007ffaa89c7000 	C:\Windows\System32\msvcrt.dll
0x00007ffaa9680000 - 0x00007ffaa9728000 	C:\Windows\System32\sechost.dll
0x00007ffaa7f10000 - 0x00007ffaa7f38000 	C:\Windows\System32\bcrypt.dll
0x00007ffaa8d60000 - 0x00007ffaa8e77000 	C:\Windows\System32\RPCRT4.dll
0x00007ffa8e000000 - 0x00007ffa8e293000 	C:\Windows\WinSxS\amd64_microsoft.windows.common-controls_6595b64144ccf1df_6.0.22621.2506_none_270c5ae97388e100\COMCTL32.dll
0x00007ffaaa400000 - 0x00007ffaaa429000 	C:\Windows\System32\GDI32.dll
0x00007ffaa7f40000 - 0x00007ffaa7f66000 	C:\Windows\System32\win32u.dll
0x00007ffaa81f0000 - 0x00007ffaa8308000 	C:\Windows\System32\gdi32full.dll
0x00007ffaa7fe0000 - 0x00007ffaa807a000 	C:\Windows\System32\msvcp_win.dll
0x00007ffaa8e80000 - 0x00007ffaa902e000 	C:\Windows\System32\USER32.dll
0x00007ffa9f380000 - 0x00007ffa9f38a000 	C:\Windows\SYSTEM32\VERSION.dll
0x00007ffaaa4a0000 - 0x00007ffaaa4d1000 	C:\Windows\System32\IMM32.DLL
0x00007ffa40a00000 - 0x00007ffa40a0c000 	C:\Program Files\Java\jdk-21\bin\vcruntime140_1.dll
0x00007ffa408a0000 - 0x00007ffa4092e000 	C:\Program Files\Java\jdk-21\bin\msvcp140.dll
0x00007ff9e1050000 - 0x00007ff9e1d65000 	C:\Program Files\Java\jdk-21\bin\server\jvm.dll
0x00007ffaa89d0000 - 0x00007ffaa8a41000 	C:\Windows\System32\WS2_32.dll
0x00007ffaa7780000 - 0x00007ffaa77cd000 	C:\Windows\SYSTEM32\POWRPROF.dll
0x00007ffa9e160000 - 0x00007ffa9e194000 	C:\Windows\SYSTEM32\WINMM.dll
0x00007ffaa7740000 - 0x00007ffaa7753000 	C:\Windows\SYSTEM32\UMPDC.dll
0x00007ffaa6f00000 - 0x00007ffaa6f18000 	C:\Windows\SYSTEM32\kernel.appcore.dll
0x00007ffa40890000 - 0x00007ffa4089a000 	C:\Program Files\Java\jdk-21\bin\jimage.dll
0x00007ffaa5750000 - 0x00007ffaa5983000 	C:\Windows\SYSTEM32\DBGHELP.DLL
0x00007ffaa92f0000 - 0x00007ffaa9679000 	C:\Windows\System32\combase.dll
0x00007ffaaa9c0000 - 0x00007ffaaaa97000 	C:\Windows\System32\OLEAUT32.dll
0x00007ffa8a1f0000 - 0x00007ffa8a222000 	C:\Windows\SYSTEM32\dbgcore.DLL
0x00007ffaa8310000 - 0x00007ffaa838a000 	C:\Windows\System32\bcryptPrimitives.dll

dbghelp: loaded successfully - version: 4.0.5 - missing functions: none
symbol engine: initialized successfully - sym options: 0x614 - pdb path: .;C:\Program Files\Java\jdk-21\bin;C:\Windows\SYSTEM32;C:\Windows\WinSxS\amd64_microsoft.windows.common-controls_6595b64144ccf1df_6.0.22621.2506_none_270c5ae97388e100;C:\Program Files\Java\jdk-21\bin\server

VM Arguments:
java_command: <unknown>
java_class_path (initial): <not set>
Launcher Type: SUN_STANDARD

[Global flags]
     bool UseLargePagesIndividualAllocation        = false                                  {pd product} {ergonomic}

Logging:
Log output configuration:
 #0: stdout all=warning uptime,level,tags foldmultilines=false
 #1: stderr all=off uptime,level,tags foldmultilines=false

Environment Variables:
PATH=C:\Program Files\Common Files\Oracle\Java\javapath;C:\Ruby32-x64\bin;C:\Program Files\Eclipse Adoptium\jre-8.0.382.5-hotspot\bin;C:\Windows\system32;C:\Windows;C:\Windows\System32\Wbem;C:\Windows\System32\WindowsPowerShell\v1.0\;C:\Windows\System32\OpenSSH\;C:\ProgramData\chocolatey\bin;C:\Program Files\nodejs\;C:\Program Files\Git\cmd;C:\Program Files\dotnet\;C:\Users\Neme\AppData\Local\Programs\Python\Python311\Scripts\;C:\Users\Neme\AppData\Local\Programs\Python\Python311\;C:\Users\Neme\AppData\Local\Microsoft\WindowsApps;C:\Users\Neme\AppData\Local\Programs\Microsoft VS Code\bin;C:\Users\Neme\AppData\Local\JetBrains\Toolbox\scripts;C:\Users\Neme\AppData\Local\GitHubDesktop\bin;C:\Users\Neme\AppData\Roaming\npm;C:\Users\Neme\.dotnet\tools
USERNAME=Neme
OS=Windows_NT
PROCESSOR_IDENTIFIER=Intel64 Family 6 Model 158 Stepping 10, GenuineIntel
TMP=C:\Users\Neme\AppData\Local\Temp
TEMP=C:\Users\Neme\AppData\Local\Temp




Periodic native trim disabled

---------------  S Y S T E M  ---------------

OS:
 Windows 11 , 64 bit Build 22621 (10.0.22621.2506)
OS uptime: 0 days 7:25 hours

CPU: total 12 (initial active 0) 
Processor Information for all 12 processors :
  Max Mhz: 3696, Current Mhz: 3696, Mhz Limit: 3696

Memory: 4k page, system-wide physical 49094M (34236M free)
TotalPageFile size 96229M (AvailPageFile size 32M)
current process WorkingSet (physical memory assigned to process): 8M, peak: 8M
current process commit charge ("private bytes"): 3M, peak: 3M

vm_info: Java HotSpot(TM) 64-Bit Server VM (21.0.1+12-LTS-29) for windows-amd64 JRE (21.0.1+12-LTS-29), built on 2023-10-05T13:27:09Z by "mach5one" with MS VC++ 17.1 (VS2022)

END.
