#
# There is insufficient memory for the Java Runtime Environment to continue.
# Native memory allocation (mmap) failed to map 65536 bytes for Failed to commit metaspace.
# Possible reasons:
#   The system is out of physical RAM or swap space
#   The process is running with CompressedOops enabled, and the Java Heap may be blocking the growth of the native heap
# Possible solutions:
#   Reduce memory load on the system
#   Increase physical memory or swap space
#   Check if swap backing store is full
#   Decrease Java heap size (-Xmx/-Xms)
#   Decrease number of Java threads
#   Decrease Java thread stack sizes (-Xss)
#   Set larger code cache with -XX:ReservedCodeCacheSize=
#   JVM is running with Zero Based Compressed Oops mode in which the Java heap is
#     placed in the first 32GB address space. The Java Heap base address is the
#     maximum limit for the native heap growth. Please use -XX:HeapBaseMinAddress
#     to set the Java Heap base and to place the Java Heap above 32GB virtual address.
# This output file may be truncated or incomplete.
#
#  Out of Memory Error (virtualSpaceNode.cpp:112), pid=22764, tid=2620
#
# JRE version: Java(TM) SE Runtime Environment (21.0.1+12) (build 21.0.1+12-LTS-29)
# Java VM: Java HotSpot(TM) 64-Bit Server VM (21.0.1+12-LTS-29, mixed mode, sharing, tiered, compressed oops, compressed class ptrs, g1 gc, windows-amd64)
# No core dump will be written. Minidumps are not enabled by default on client versions of Windows
#

---------------  S U M M A R Y ------------

Command Line: --add-modules=ALL-DEFAULT jdk.compiler/com.sun.tools.javac.launcher.Main Client.java

Host: Intel(R) Core(TM) i7-8700K CPU @ 3.70GHz, 12 cores, 47G,  Windows 11 , 64 bit Build 22621 (10.0.22621.2506)
Time: Sat Jan 13 17:24:24 2024 ora solare Europa occidentale elapsed time: 12.460379 seconds (0d 0h 0m 12s)

---------------  T H R E A D  ---------------

Current thread (0x000001cf9e629740):  JavaThread "main"             [_thread_in_vm, id=2620, stack(0x00000035d3400000,0x00000035d3500000) (1024K)]

Stack: [0x00000035d3400000,0x00000035d3500000]
Native frames: (J=compiled Java code, j=interpreted, Vv=VM code, C=native code)
V  [jvm.dll+0x6c9029]
V  [jvm.dll+0x854b81]
V  [jvm.dll+0x856e5e]
V  [jvm.dll+0x857543]
V  [jvm.dll+0x280c06]
V  [jvm.dll+0x8508ae]
V  [jvm.dll+0x66ca45]
V  [jvm.dll+0x1e677c]
V  [jvm.dll+0x1e654e]
V  [jvm.dll+0x66f35c]
V  [jvm.dll+0x66f172]
V  [jvm.dll+0x66d41e]
V  [jvm.dll+0x27db26]
V  [jvm.dll+0x71e545]
V  [jvm.dll+0x71f08f]
V  [jvm.dll+0x3c297f]
V  [jvm.dll+0x3c1a27]
V  [jvm.dll+0x3c19c8]
V  [jvm.dll+0x5d34b9]
V  [jvm.dll+0x5d23bc]
V  [jvm.dll+0x3d7360]
V  [jvm.dll+0x3d69dd]
C  0x000001cfadfc9735

The last pc belongs to invokestatic (printed below).
Java frames: (J=compiled Java code, j=interpreted, Vv=VM code)
j  com.sun.tools.javac.code.ClassFinder.<init>(Lcom/sun/tools/javac/util/Context;)V+46 jdk.compiler@21.0.1
j  com.sun.tools.javac.code.ClassFinder.instance(Lcom/sun/tools/javac/util/Context;)Lcom/sun/tools/javac/code/ClassFinder;+20 jdk.compiler@21.0.1
j  com.sun.tools.javac.main.JavaCompiler.<init>(Lcom/sun/tools/javac/util/Context;)V+130 jdk.compiler@21.0.1
j  com.sun.tools.javac.main.JavaCompiler.instance(Lcom/sun/tools/javac/util/Context;)Lcom/sun/tools/javac/main/JavaCompiler;+20 jdk.compiler@21.0.1
j  com.sun.tools.javac.processing.JavacProcessingEnvironment.<init>(Lcom/sun/tools/javac/util/Context;)V+125 jdk.compiler@21.0.1
j  com.sun.tools.javac.processing.JavacProcessingEnvironment.instance(Lcom/sun/tools/javac/util/Context;)Lcom/sun/tools/javac/processing/JavacProcessingEnvironment;+19 jdk.compiler@21.0.1
j  com.sun.tools.javac.api.BasicJavacTask.initPlugins(Ljava/util/Set;)V+148 jdk.compiler@21.0.1
j  com.sun.tools.javac.api.JavacTaskImpl.prepareCompiler(Z)V+103 jdk.compiler@21.0.1
j  com.sun.tools.javac.api.JavacTaskImpl.lambda$doCall$0()Lcom/sun/tools/javac/main/Main$Result;+2 jdk.compiler@21.0.1
j  com.sun.tools.javac.api.JavacTaskImpl$$Lambda+0x000001cfc9034000.call()Ljava/lang/Object;+4 jdk.compiler@21.0.1
j  com.sun.tools.javac.api.JavacTaskImpl.invocationHelper(Ljava/util/concurrent/Callable;)Lcom/sun/tools/javac/util/Pair;+20 jdk.compiler@21.0.1
j  com.sun.tools.javac.api.JavacTaskImpl.doCall()Lcom/sun/tools/javac/main/Main$Result;+7 jdk.compiler@21.0.1
j  com.sun.tools.javac.api.JavacTaskImpl.call()Ljava/lang/Boolean;+1 jdk.compiler@21.0.1
j  com.sun.tools.javac.launcher.Main.compile(Ljava/nio/file/Path;Ljava/util/List;Lcom/sun/tools/javac/launcher/Main$Context;)Ljava/lang/String;+95 jdk.compiler@21.0.1
j  com.sun.tools.javac.launcher.Main.run([Ljava/lang/String;[Ljava/lang/String;)V+30 jdk.compiler@21.0.1
j  com.sun.tools.javac.launcher.Main.main([Ljava/lang/String;)V+17 jdk.compiler@21.0.1
v  ~StubRoutines::call_stub 0x000001cfadfb100d
invokestatic  184 invokestatic  [0x000001cfadfc9680, 0x000001cfadfc9928]  680 bytes
[MachCode]
  0x000001cfadfc9680: 4883 ec08 | c5fa 1104 | 24eb 1f48 | 83ec 10c5 | fb11 0424 | eb14 4883 | ec10 4889 | 0424 48c7 
  0x000001cfadfc96a0: 4424 0800 | 0000 00eb | 0150 4c89 | 6dc0 410f | b755 0148 | 8b4d d0c1 | e202 8b5c | d138 c1eb 
  0x000001cfadfc96c0: 1081 e3ff | 0000 0081 | fbb8 0000 | 000f 84b4 | 0000 00bb | b800 0000 | e805 0000 | 00e9 9900 
  0x000001cfadfc96e0: 0000 488b | d348 8d44 | 2408 4c89 | 6dc0 498b | cfc5 f877 | 4989 afa8 | 0300 0049 | 8987 9803 
  0x000001cfadfc9700: 0000 4883 | ec20 40f6 | c40f 0f84 | 1900 0000 | 4883 ec08 | 48b8 7069 | 42e1 f97f | 0000 ffd0 
  0x000001cfadfc9720: 4883 c408 | e90c 0000 | 0048 b870 | 6942 e1f9 | 7f00 00ff | d048 83c4 | 2049 c787 | 9803 0000 
  0x000001cfadfc9740: 0000 0000 | 49c7 87a8 | 0300 0000 | 0000 0049 | c787 a003 | 0000 0000 | 0000 c5f8 | 7749 837f 
  0x000001cfadfc9760: 0800 0f84 | 0500 0000 | e993 77fe | ff4c 8b6d | c04c 8b75 | c84e 8d74 | f500 c341 | 0fb7 5501 
  0x000001cfadfc9780: 488b 4dd0 | c1e2 0248 | 8b5c d140 | 488b 5b08 | 488b 5b08 | 488b 5b18 | 80bb 2001 | 0000 050f 
  0x000001cfadfc97a0: 840d 0000 | 004c 3bbb | 3001 0000 | 0f85 21ff | ffff 488b | 5cd1 408b | 54d1 50c1 | ea1c 49ba 
  0x000001cfadfc97c0: 909e c9e1 | f97f 0000 | 498b 14d2 | 5248 8b45 | d848 85c0 | 0f84 1200 | 0000 4883 | 4008 0148 
  0x000001cfadfc97e0: 8358 0800 | 4883 c010 | 4889 45d8 | 488b 45d8 | 4885 c00f | 8423 0100 | 0080 78f0 | 0a0f 8519 
  0x000001cfadfc9800: 0100 0048 | 83c0 084c | 8b68 f841 | 83ed 0041 | 83fd 020f | 8cf8 0000 | 004c 8b6b | 0845 0fb7 
  0x000001cfadfc9820: 6d2e 4c2b | 2841 83ed | 014e 8b6c | ec08 4d85 | ed75 0748 | 8348 0801 | eb4a 458b | 6d08 49ba 
  0x000001cfadfc9840: 0000 00c8 | cf01 0000 | 4d03 ea4c | 3368 0849 | f7c5 fcff | ffff 742c | 41f6 c502 | 7526 4883 
  0x000001cfadfc9860: 7808 0074 | 1b48 8378 | 0801 7414 | 4c33 6808 | 49f7 c5fc | ffff ff74 | 0b48 8348 | 0802 eb04 
  0x000001cfadfc9880: 4c89 6808 | 4883 c010 | 4c8b 68e8 | 4183 ed02 | 4183 fd02 | 0f8c 7700 | 0000 4c8b | 6b08 450f 
  0x000001cfadfc98a0: b76d 2e4c | 2b28 4183 | ed01 4e8b | 6cec 084d | 85ed 7507 | 4883 4808 | 01eb 4a45 | 8b6d 0849 
  0x000001cfadfc98c0: ba00 0000 | c8cf 0100 | 004d 03ea | 4c33 6808 | 49f7 c5fc | ffff ff74 | 2c41 f6c5 | 0275 2648 
  0x000001cfadfc98e0: 8378 0800 | 741b 4883 | 7808 0174 | 144c 3368 | 0849 f7c5 | fcff ffff | 740b 4883 | 4808 02eb 
  0x000001cfadfc9900: 044c 8968 | 0848 83c0 | 104c 8b68 | d841 83ed | 0441 c1e5 | 0349 03c5 | 4889 45d8 | 4c8d 6c24 
  0x000001cfadfc9920: 084c 896d | f0ff 6350 
[/MachCode]

---------------  P R O C E S S  ---------------

Threads class SMR info:
_java_thread_list=0x000001d00d07ad90, length=11, elements={
0x000001cf9e629740, 0x000001cfc73c1ba0, 0x000001cfc73c2c70, 0x000001cfc73c4bf0,
0x000001cfc73c7760, 0x000001cfc73c81c0, 0x000001cfc73c8c20, 0x000001cfc73c99b0,
0x000001cfc73ca7b0, 0x000001d00d02d110, 0x000001d00d0820a0
}

Java Threads: ( => current thread )
=>0x000001cf9e629740 JavaThread "main"                              [_thread_in_vm, id=2620, stack(0x00000035d3400000,0x00000035d3500000) (1024K)]
  0x000001cfc73c1ba0 JavaThread "Reference Handler"          daemon [_thread_blocked, id=26912, stack(0x00000035d3c00000,0x00000035d3d00000) (1024K)]
  0x000001cfc73c2c70 JavaThread "Finalizer"                  daemon [_thread_blocked, id=26916, stack(0x00000035d3d00000,0x00000035d3e00000) (1024K)]
  0x000001cfc73c4bf0 JavaThread "Signal Dispatcher"          daemon [_thread_blocked, id=26920, stack(0x00000035d3e00000,0x00000035d3f00000) (1024K)]
  0x000001cfc73c7760 JavaThread "Attach Listener"            daemon [_thread_blocked, id=26924, stack(0x00000035d3f00000,0x00000035d4000000) (1024K)]
  0x000001cfc73c81c0 JavaThread "Service Thread"             daemon [_thread_blocked, id=26928, stack(0x00000035d4000000,0x00000035d4100000) (1024K)]
  0x000001cfc73c8c20 JavaThread "Monitor Deflation Thread"   daemon [_thread_blocked, id=26932, stack(0x00000035d4100000,0x00000035d4200000) (1024K)]
  0x000001cfc73c99b0 JavaThread "C2 CompilerThread0"         daemon [_thread_blocked, id=26936, stack(0x00000035d4200000,0x00000035d4300000) (1024K)]
  0x000001cfc73ca7b0 JavaThread "C1 CompilerThread0"         daemon [_thread_blocked, id=26940, stack(0x00000035d4300000,0x00000035d4400000) (1024K)]
  0x000001d00d02d110 JavaThread "Common-Cleaner"             daemon [_thread_blocked, id=26964, stack(0x00000035d4400000,0x00000035d4500000) (1024K)]
  0x000001d00d0820a0 JavaThread "Notification Thread"        daemon [_thread_blocked, id=27000, stack(0x00000035d4500000,0x00000035d4600000) (1024K)]
Total: 11

Other Threads:
  0x000001cfc73a45d0 VMThread "VM Thread"                           [id=26700, stack(0x00000035d3b00000,0x00000035d3c00000) (1024K)] _threads_hazard_ptr=0x000001d00d07ad90
  0x000001cfc738a980 WatcherThread "VM Periodic Task Thread"        [id=26688, stack(0x00000035d3a00000,0x00000035d3b00000) (1024K)]
  0x000001cf9e6d9fb0 WorkerThread "GC Thread#0"                     [id=17772, stack(0x00000035d3500000,0x00000035d3600000) (1024K)]
  0x000001cf9e6e6f60 ConcurrentGCThread "G1 Main Marker"            [id=13716, stack(0x00000035d3600000,0x00000035d3700000) (1024K)]
  0x000001cf9e6e7a60 WorkerThread "G1 Conc#0"                       [id=22568, stack(0x00000035d3700000,0x00000035d3800000) (1024K)]
  0x000001cfc725d330 ConcurrentGCThread "G1 Refine#0"               [id=18956, stack(0x00000035d3800000,0x00000035d3900000) (1024K)]
  0x000001cfc725eeb0 ConcurrentGCThread "G1 Service"                [id=20148, stack(0x00000035d3900000,0x00000035d3a00000) (1024K)]
Total: 7

Threads with active compile tasks:
Total: 0

VM state: synchronizing (normal execution)

VM Mutex/Monitor currently owned by a thread:  ([mutex/lock_event])
[0x00007ff9e1c88578] Metaspace_lock - owner thread: 0x000001cf9e629740
[0x00007ff9e1c8a5f8] Threads_lock - owner thread: 0x000001cfc73a45d0

Heap address: 0x0000000500800000, size: 12280 MB, Compressed Oops mode: Zero based, Oop shift amount: 3

CDS archive(s) mapped at: [0x000001cfc8000000-0x000001cfc8c90000-0x000001cfc8c90000), size 13172736, SharedBaseAddress: 0x000001cfc8000000, ArchiveRelocationMode: 1.
Compressed class space mapped at: 0x000001cfc9000000-0x000001d009000000, reserved size: 1073741824
Narrow klass base: 0x000001cfc8000000, Narrow klass shift: 0, Narrow klass range: 0x100000000

GC Precious Log:
 CardTable entry size: 512
 Card Set container configuration: InlinePtr #cards 4 size 8 Array Of Cards #cards 64 size 144 Howl #buckets 8 coarsen threshold 14745 Howl Bitmap #cards 2048 size 272 coarsen threshold 1843 Card regions per heap region 1 cards per card region 16384
 CPUs: 12 total, 12 available
 Memory: 49094M
 Large Page Support: Disabled
 NUMA Support: Disabled
 Compressed Oops: Enabled (Zero based)
 Heap Region Size: 8M
 Heap Min Capacity: 8M
 Heap Initial Capacity: 768M
 Heap Max Capacity: 12280M
 Pre-touch: Disabled
 Parallel Workers: 10
 Concurrent Workers: 3
 Concurrent Refinement Workers: 10
 Periodic GC: Disabled

Heap:
 garbage-first heap   total 786432K, used 0K [0x0000000500800000, 0x0000000800000000)
  region size 8192K, 1 young (8192K), 0 survivors (0K)
 Metaspace       used 3373K, committed 3520K, reserved 1114112K
  class space    used 429K, committed 512K, reserved 1048576K

Heap Regions: E=young(eden), S=young(survivor), O=old, HS=humongous(starts), HC=humongous(continues), CS=collection set, F=free, TAMS=top-at-mark-start, PB=parsable bottom
|   0|0x0000000500800000, 0x0000000500800000, 0x0000000501000000|  0%| F|  |TAMS 0x0000000500800000| PB 0x0000000500800000| Untracked 
|   1|0x0000000501000000, 0x0000000501000000, 0x0000000501800000|  0%| F|  |TAMS 0x0000000501000000| PB 0x0000000501000000| Untracked 
|   2|0x0000000501800000, 0x0000000501800000, 0x0000000502000000|  0%| F|  |TAMS 0x0000000501800000| PB 0x0000000501800000| Untracked 
|   3|0x0000000502000000, 0x0000000502000000, 0x0000000502800000|  0%| F|  |TAMS 0x0000000502000000| PB 0x0000000502000000| Untracked 
|   4|0x0000000502800000, 0x0000000502800000, 0x0000000503000000|  0%| F|  |TAMS 0x0000000502800000| PB 0x0000000502800000| Untracked 
|   5|0x0000000503000000, 0x0000000503000000, 0x0000000503800000|  0%| F|  |TAMS 0x0000000503000000| PB 0x0000000503000000| Untracked 
|   6|0x0000000503800000, 0x0000000503800000, 0x0000000504000000|  0%| F|  |TAMS 0x0000000503800000| PB 0x0000000503800000| Untracked 
|   7|0x0000000504000000, 0x0000000504000000, 0x0000000504800000|  0%| F|  |TAMS 0x0000000504000000| PB 0x0000000504000000| Untracked 
|   8|0x0000000504800000, 0x0000000504800000, 0x0000000505000000|  0%| F|  |TAMS 0x0000000504800000| PB 0x0000000504800000| Untracked 
|   9|0x0000000505000000, 0x0000000505000000, 0x0000000505800000|  0%| F|  |TAMS 0x0000000505000000| PB 0x0000000505000000| Untracked 
|  10|0x0000000505800000, 0x0000000505800000, 0x0000000506000000|  0%| F|  |TAMS 0x0000000505800000| PB 0x0000000505800000| Untracked 
|  11|0x0000000506000000, 0x0000000506000000, 0x0000000506800000|  0%| F|  |TAMS 0x0000000506000000| PB 0x0000000506000000| Untracked 
|  12|0x0000000506800000, 0x0000000506800000, 0x0000000507000000|  0%| F|  |TAMS 0x0000000506800000| PB 0x0000000506800000| Untracked 
|  13|0x0000000507000000, 0x0000000507000000, 0x0000000507800000|  0%| F|  |TAMS 0x0000000507000000| PB 0x0000000507000000| Untracked 
|  14|0x0000000507800000, 0x0000000507800000, 0x0000000508000000|  0%| F|  |TAMS 0x0000000507800000| PB 0x0000000507800000| Untracked 
|  15|0x0000000508000000, 0x0000000508000000, 0x0000000508800000|  0%| F|  |TAMS 0x0000000508000000| PB 0x0000000508000000| Untracked 
|  16|0x0000000508800000, 0x0000000508800000, 0x0000000509000000|  0%| F|  |TAMS 0x0000000508800000| PB 0x0000000508800000| Untracked 
|  17|0x0000000509000000, 0x0000000509000000, 0x0000000509800000|  0%| F|  |TAMS 0x0000000509000000| PB 0x0000000509000000| Untracked 
|  18|0x0000000509800000, 0x0000000509800000, 0x000000050a000000|  0%| F|  |TAMS 0x0000000509800000| PB 0x0000000509800000| Untracked 
|  19|0x000000050a000000, 0x000000050a000000, 0x000000050a800000|  0%| F|  |TAMS 0x000000050a000000| PB 0x000000050a000000| Untracked 
|  20|0x000000050a800000, 0x000000050a800000, 0x000000050b000000|  0%| F|  |TAMS 0x000000050a800000| PB 0x000000050a800000| Untracked 
|  21|0x000000050b000000, 0x000000050b000000, 0x000000050b800000|  0%| F|  |TAMS 0x000000050b000000| PB 0x000000050b000000| Untracked 
|  22|0x000000050b800000, 0x000000050b800000, 0x000000050c000000|  0%| F|  |TAMS 0x000000050b800000| PB 0x000000050b800000| Untracked 
|  23|0x000000050c000000, 0x000000050c000000, 0x000000050c800000|  0%| F|  |TAMS 0x000000050c000000| PB 0x000000050c000000| Untracked 
|  24|0x000000050c800000, 0x000000050c800000, 0x000000050d000000|  0%| F|  |TAMS 0x000000050c800000| PB 0x000000050c800000| Untracked 
|  25|0x000000050d000000, 0x000000050d000000, 0x000000050d800000|  0%| F|  |TAMS 0x000000050d000000| PB 0x000000050d000000| Untracked 
|  26|0x000000050d800000, 0x000000050d800000, 0x000000050e000000|  0%| F|  |TAMS 0x000000050d800000| PB 0x000000050d800000| Untracked 
|  27|0x000000050e000000, 0x000000050e000000, 0x000000050e800000|  0%| F|  |TAMS 0x000000050e000000| PB 0x000000050e000000| Untracked 
|  28|0x000000050e800000, 0x000000050e800000, 0x000000050f000000|  0%| F|  |TAMS 0x000000050e800000| PB 0x000000050e800000| Untracked 
|  29|0x000000050f000000, 0x000000050f000000, 0x000000050f800000|  0%| F|  |TAMS 0x000000050f000000| PB 0x000000050f000000| Untracked 
|  30|0x000000050f800000, 0x000000050f800000, 0x0000000510000000|  0%| F|  |TAMS 0x000000050f800000| PB 0x000000050f800000| Untracked 
|  31|0x0000000510000000, 0x0000000510000000, 0x0000000510800000|  0%| F|  |TAMS 0x0000000510000000| PB 0x0000000510000000| Untracked 
|  32|0x0000000510800000, 0x0000000510800000, 0x0000000511000000|  0%| F|  |TAMS 0x0000000510800000| PB 0x0000000510800000| Untracked 
|  33|0x0000000511000000, 0x0000000511000000, 0x0000000511800000|  0%| F|  |TAMS 0x0000000511000000| PB 0x0000000511000000| Untracked 
|  34|0x0000000511800000, 0x0000000511800000, 0x0000000512000000|  0%| F|  |TAMS 0x0000000511800000| PB 0x0000000511800000| Untracked 
|  35|0x0000000512000000, 0x0000000512000000, 0x0000000512800000|  0%| F|  |TAMS 0x0000000512000000| PB 0x0000000512000000| Untracked 
|  36|0x0000000512800000, 0x0000000512800000, 0x0000000513000000|  0%| F|  |TAMS 0x0000000512800000| PB 0x0000000512800000| Untracked 
|  37|0x0000000513000000, 0x0000000513000000, 0x0000000513800000|  0%| F|  |TAMS 0x0000000513000000| PB 0x0000000513000000| Untracked 
|  38|0x0000000513800000, 0x0000000513800000, 0x0000000514000000|  0%| F|  |TAMS 0x0000000513800000| PB 0x0000000513800000| Untracked 
|  39|0x0000000514000000, 0x0000000514000000, 0x0000000514800000|  0%| F|  |TAMS 0x0000000514000000| PB 0x0000000514000000| Untracked 
|  40|0x0000000514800000, 0x0000000514800000, 0x0000000515000000|  0%| F|  |TAMS 0x0000000514800000| PB 0x0000000514800000| Untracked 
|  41|0x0000000515000000, 0x0000000515000000, 0x0000000515800000|  0%| F|  |TAMS 0x0000000515000000| PB 0x0000000515000000| Untracked 
|  42|0x0000000515800000, 0x0000000515800000, 0x0000000516000000|  0%| F|  |TAMS 0x0000000515800000| PB 0x0000000515800000| Untracked 
|  43|0x0000000516000000, 0x0000000516000000, 0x0000000516800000|  0%| F|  |TAMS 0x0000000516000000| PB 0x0000000516000000| Untracked 
|  44|0x0000000516800000, 0x0000000516800000, 0x0000000517000000|  0%| F|  |TAMS 0x0000000516800000| PB 0x0000000516800000| Untracked 
|  45|0x0000000517000000, 0x0000000517000000, 0x0000000517800000|  0%| F|  |TAMS 0x0000000517000000| PB 0x0000000517000000| Untracked 
|  46|0x0000000517800000, 0x0000000517800000, 0x0000000518000000|  0%| F|  |TAMS 0x0000000517800000| PB 0x0000000517800000| Untracked 
|  47|0x0000000518000000, 0x0000000518000000, 0x0000000518800000|  0%| F|  |TAMS 0x0000000518000000| PB 0x0000000518000000| Untracked 
|  48|0x0000000518800000, 0x0000000518800000, 0x0000000519000000|  0%| F|  |TAMS 0x0000000518800000| PB 0x0000000518800000| Untracked 
|  49|0x0000000519000000, 0x0000000519000000, 0x0000000519800000|  0%| F|  |TAMS 0x0000000519000000| PB 0x0000000519000000| Untracked 
|  50|0x0000000519800000, 0x0000000519800000, 0x000000051a000000|  0%| F|  |TAMS 0x0000000519800000| PB 0x0000000519800000| Untracked 
|  51|0x000000051a000000, 0x000000051a000000, 0x000000051a800000|  0%| F|  |TAMS 0x000000051a000000| PB 0x000000051a000000| Untracked 
|  52|0x000000051a800000, 0x000000051a800000, 0x000000051b000000|  0%| F|  |TAMS 0x000000051a800000| PB 0x000000051a800000| Untracked 
|  53|0x000000051b000000, 0x000000051b000000, 0x000000051b800000|  0%| F|  |TAMS 0x000000051b000000| PB 0x000000051b000000| Untracked 
|  54|0x000000051b800000, 0x000000051b800000, 0x000000051c000000|  0%| F|  |TAMS 0x000000051b800000| PB 0x000000051b800000| Untracked 
|  55|0x000000051c000000, 0x000000051c000000, 0x000000051c800000|  0%| F|  |TAMS 0x000000051c000000| PB 0x000000051c000000| Untracked 
|  56|0x000000051c800000, 0x000000051c800000, 0x000000051d000000|  0%| F|  |TAMS 0x000000051c800000| PB 0x000000051c800000| Untracked 
|  57|0x000000051d000000, 0x000000051d000000, 0x000000051d800000|  0%| F|  |TAMS 0x000000051d000000| PB 0x000000051d000000| Untracked 
|  58|0x000000051d800000, 0x000000051d800000, 0x000000051e000000|  0%| F|  |TAMS 0x000000051d800000| PB 0x000000051d800000| Untracked 
|  59|0x000000051e000000, 0x000000051e000000, 0x000000051e800000|  0%| F|  |TAMS 0x000000051e000000| PB 0x000000051e000000| Untracked 
|  60|0x000000051e800000, 0x000000051e800000, 0x000000051f000000|  0%| F|  |TAMS 0x000000051e800000| PB 0x000000051e800000| Untracked 
|  61|0x000000051f000000, 0x000000051f000000, 0x000000051f800000|  0%| F|  |TAMS 0x000000051f000000| PB 0x000000051f000000| Untracked 
|  62|0x000000051f800000, 0x000000051f800000, 0x0000000520000000|  0%| F|  |TAMS 0x000000051f800000| PB 0x000000051f800000| Untracked 
|  63|0x0000000520000000, 0x0000000520000000, 0x0000000520800000|  0%| F|  |TAMS 0x0000000520000000| PB 0x0000000520000000| Untracked 
|  64|0x0000000520800000, 0x0000000520800000, 0x0000000521000000|  0%| F|  |TAMS 0x0000000520800000| PB 0x0000000520800000| Untracked 
|  65|0x0000000521000000, 0x0000000521000000, 0x0000000521800000|  0%| F|  |TAMS 0x0000000521000000| PB 0x0000000521000000| Untracked 
|  66|0x0000000521800000, 0x0000000521800000, 0x0000000522000000|  0%| F|  |TAMS 0x0000000521800000| PB 0x0000000521800000| Untracked 
|  67|0x0000000522000000, 0x0000000522000000, 0x0000000522800000|  0%| F|  |TAMS 0x0000000522000000| PB 0x0000000522000000| Untracked 
|  68|0x0000000522800000, 0x0000000522800000, 0x0000000523000000|  0%| F|  |TAMS 0x0000000522800000| PB 0x0000000522800000| Untracked 
|  69|0x0000000523000000, 0x0000000523000000, 0x0000000523800000|  0%| F|  |TAMS 0x0000000523000000| PB 0x0000000523000000| Untracked 
|  70|0x0000000523800000, 0x0000000523800000, 0x0000000524000000|  0%| F|  |TAMS 0x0000000523800000| PB 0x0000000523800000| Untracked 
|  71|0x0000000524000000, 0x0000000524000000, 0x0000000524800000|  0%| F|  |TAMS 0x0000000524000000| PB 0x0000000524000000| Untracked 
|  72|0x0000000524800000, 0x0000000524800000, 0x0000000525000000|  0%| F|  |TAMS 0x0000000524800000| PB 0x0000000524800000| Untracked 
|  73|0x0000000525000000, 0x0000000525000000, 0x0000000525800000|  0%| F|  |TAMS 0x0000000525000000| PB 0x0000000525000000| Untracked 
|  74|0x0000000525800000, 0x0000000525800000, 0x0000000526000000|  0%| F|  |TAMS 0x0000000525800000| PB 0x0000000525800000| Untracked 
|  75|0x0000000526000000, 0x0000000526000000, 0x0000000526800000|  0%| F|  |TAMS 0x0000000526000000| PB 0x0000000526000000| Untracked 
|  76|0x0000000526800000, 0x0000000526800000, 0x0000000527000000|  0%| F|  |TAMS 0x0000000526800000| PB 0x0000000526800000| Untracked 
|  77|0x0000000527000000, 0x0000000527000000, 0x0000000527800000|  0%| F|  |TAMS 0x0000000527000000| PB 0x0000000527000000| Untracked 
|  78|0x0000000527800000, 0x0000000527800000, 0x0000000528000000|  0%| F|  |TAMS 0x0000000527800000| PB 0x0000000527800000| Untracked 
|  79|0x0000000528000000, 0x0000000528000000, 0x0000000528800000|  0%| F|  |TAMS 0x0000000528000000| PB 0x0000000528000000| Untracked 
|  80|0x0000000528800000, 0x0000000528800000, 0x0000000529000000|  0%| F|  |TAMS 0x0000000528800000| PB 0x0000000528800000| Untracked 
|  81|0x0000000529000000, 0x0000000529000000, 0x0000000529800000|  0%| F|  |TAMS 0x0000000529000000| PB 0x0000000529000000| Untracked 
|  82|0x0000000529800000, 0x0000000529800000, 0x000000052a000000|  0%| F|  |TAMS 0x0000000529800000| PB 0x0000000529800000| Untracked 
|  83|0x000000052a000000, 0x000000052a000000, 0x000000052a800000|  0%| F|  |TAMS 0x000000052a000000| PB 0x000000052a000000| Untracked 
|  84|0x000000052a800000, 0x000000052a800000, 0x000000052b000000|  0%| F|  |TAMS 0x000000052a800000| PB 0x000000052a800000| Untracked 
|  85|0x000000052b000000, 0x000000052b000000, 0x000000052b800000|  0%| F|  |TAMS 0x000000052b000000| PB 0x000000052b000000| Untracked 
|  86|0x000000052b800000, 0x000000052b800000, 0x000000052c000000|  0%| F|  |TAMS 0x000000052b800000| PB 0x000000052b800000| Untracked 
|  87|0x000000052c000000, 0x000000052c000000, 0x000000052c800000|  0%| F|  |TAMS 0x000000052c000000| PB 0x000000052c000000| Untracked 
|  88|0x000000052c800000, 0x000000052c800000, 0x000000052d000000|  0%| F|  |TAMS 0x000000052c800000| PB 0x000000052c800000| Untracked 
|  89|0x000000052d000000, 0x000000052d000000, 0x000000052d800000|  0%| F|  |TAMS 0x000000052d000000| PB 0x000000052d000000| Untracked 
|  90|0x000000052d800000, 0x000000052d800000, 0x000000052e000000|  0%| F|  |TAMS 0x000000052d800000| PB 0x000000052d800000| Untracked 
|  91|0x000000052e000000, 0x000000052e000000, 0x000000052e800000|  0%| F|  |TAMS 0x000000052e000000| PB 0x000000052e000000| Untracked 
|  92|0x000000052e800000, 0x000000052e800000, 0x000000052f000000|  0%| F|  |TAMS 0x000000052e800000| PB 0x000000052e800000| Untracked 
|  93|0x000000052f000000, 0x000000052f000000, 0x000000052f800000|  0%| F|  |TAMS 0x000000052f000000| PB 0x000000052f000000| Untracked 
|  94|0x000000052f800000, 0x000000052f800000, 0x0000000530000000|  0%| F|  |TAMS 0x000000052f800000| PB 0x000000052f800000| Untracked 
|  95|0x0000000530000000, 0x000000053051edd8, 0x0000000530800000| 64%| E|  |TAMS 0x0000000530000000| PB 0x0000000530000000| Complete 

Card table byte_map: [0x000001cfb77d0000,0x000001cfb8fd0000] _byte_map_base: 0x000001cfb4fcc000

Marking Bits: (CMBitMap*) 0x000001cf9e6da6b0
 Bits: [0x000001cfb8fd0000, 0x000001cfc4fb0000)

Polling page: 0x000001cf9c5b0000

Metaspace:

Usage:
  Non-class:      2.87 MB used.
      Class:    429.92 KB used.
       Both:      3.29 MB used.

Virtual space:
  Non-class space:       64.00 MB reserved,       2.94 MB (  5%) committed,  1 nodes.
      Class space:        1.00 GB reserved,     512.00 KB ( <1%) committed,  1 nodes.
             Both:        1.06 GB reserved,       3.44 MB ( <1%) committed. 

Chunk freelists:
   Non-Class:  9.97 MB
       Class:  15.39 MB
        Both:  25.36 MB

MaxMetaspaceSize: unlimited
CompressedClassSpaceSize: 1.00 GB
Initial GC threshold: 21.00 MB
Current GC threshold: 21.00 MB
CDS: on
 - commit_granule_bytes: 65536.
 - commit_granule_words: 8192.
 - virtual_space_node_default_size: 8388608.
 - enlarge_chunks_in_place: 1.
 - use_allocation_guard: 0.


Internal statistics:

num_allocs_failed_limit: 0.
num_arena_births: 38.
num_arena_deaths: 0.
num_vsnodes_births: 2.
num_vsnodes_deaths: 0.
num_space_committed: 55.
num_space_uncommitted: 0.
num_chunks_returned_to_freelist: 0.
num_chunks_taken_from_freelist: 147.
num_chunk_merges: 0.
num_chunk_splits: 104.
num_chunks_enlarged: 78.
num_inconsistent_stats: 0.

CodeHeap 'non-profiled nmethods': size=120000Kb used=144Kb max_used=144Kb free=119855Kb
 bounds [0x000001cfae550000, 0x000001cfae7c0000, 0x000001cfb5a80000]
CodeHeap 'profiled nmethods': size=120000Kb used=578Kb max_used=578Kb free=119421Kb
 bounds [0x000001cfa6a80000, 0x000001cfa6cf0000, 0x000001cfadfb0000]
CodeHeap 'non-nmethods': size=5760Kb used=1304Kb max_used=1319Kb free=4455Kb
 bounds [0x000001cfadfb0000, 0x000001cfae220000, 0x000001cfae550000]
 total_blobs=850 nmethods=431 adapters=324
 compilation: enabled
              stopped_count=0, restarted_count=0
 full_count=0

Compilation events (20 events):
Event: 10.213 Thread 0x000001cfc73ca7b0  422       3       java.security.SecureClassLoader$1::<init> (10 bytes)
Event: 10.213 Thread 0x000001cfc73ca7b0 nmethod 422 0x000001cfa6b0e890 code [0x000001cfa6b0ea40, 0x000001cfa6b0ec10]
Event: 10.213 Thread 0x000001cfc73ca7b0  423       3       java.security.SecureClassLoader$CodeSourceKey::hashCode (21 bytes)
Event: 10.214 Thread 0x000001cfc73ca7b0 nmethod 423 0x000001cfa6b0ed10 code [0x000001cfa6b0eec0, 0x000001cfa6b0f0b8]
Event: 10.214 Thread 0x000001cfc73c99b0  424       4       java.lang.StringLatin1::replace (198 bytes)
Event: 10.217 Thread 0x000001cfc73ca7b0  425       3       java.lang.reflect.Modifier::isStatic (13 bytes)
Event: 10.217 Thread 0x000001cfc73ca7b0 nmethod 425 0x000001cfa6b0f190 code [0x000001cfa6b0f320, 0x000001cfa6b0f470]
Event: 10.260 Thread 0x000001cfc73c99b0 nmethod 424 0x000001cfae572710 code [0x000001cfae5728e0, 0x000001cfae572f00]
Event: 10.260 Thread 0x000001cfc73c99b0  426       4       java.lang.AbstractStringBuilder::ensureCapacityInternal (39 bytes)
Event: 10.266 Thread 0x000001cfc73ca7b0  427       3       sun.invoke.util.Wrapper::forBasicType (103 bytes)
Event: 10.266 Thread 0x000001cfc73ca7b0 nmethod 427 0x000001cfa6b0f510 code [0x000001cfa6b0f720, 0x000001cfa6b0fc40]
Event: 10.273 Thread 0x000001cfc73ca7b0  428       1       java.lang.invoke.DirectMethodHandle::internalMemberName (5 bytes)
Event: 10.283 Thread 0x000001cfc73ca7b0 nmethod 428 0x000001cfae573210 code [0x000001cfae5733a0, 0x000001cfae573470]
Event: 10.283 Thread 0x000001cfc73c99b0 nmethod 426 0x000001cfae573510 code [0x000001cfae5736c0, 0x000001cfae573c50]
Event: 10.286 Thread 0x000001cfc73c99b0  429       4       java.lang.String::getBytes (44 bytes)
Event: 10.287 Thread 0x000001cfc73c99b0 nmethod 429 0x000001cfae573e10 code [0x000001cfae573fa0, 0x000001cfae574110]
Event: 10.288 Thread 0x000001cfc73ca7b0  430       3       java.lang.StringLatin1::inflate (34 bytes)
Event: 10.288 Thread 0x000001cfc73ca7b0 nmethod 430 0x000001cfa6b0fd10 code [0x000001cfa6b0fec0, 0x000001cfa6b100c8]
Event: 10.290 Thread 0x000001cfc73ca7b0  431       3       sun.invoke.util.BytecodeDescriptor::unparseSig (49 bytes)
Event: 10.291 Thread 0x000001cfc73ca7b0 nmethod 431 0x000001cfa6b10210 code [0x000001cfa6b10440, 0x000001cfa6b108c0]

GC Heap History (0 events):
No events

Dll operation events (5 events):
Event: 4.281 Loaded shared library C:\Program Files\Java\jdk-21\bin\java.dll
Event: 5.214 Loaded shared library C:\Program Files\Java\jdk-21\bin\jimage.dll
Event: 6.097 Loaded shared library C:\Program Files\Java\jdk-21\bin\net.dll
Event: 6.099 Loaded shared library C:\Program Files\Java\jdk-21\bin\jsvml.dll
Event: 6.130 Loaded shared library C:\Program Files\Java\jdk-21\bin\nio.dll

Deoptimization events (4 events):
Event: 8.893 Thread 0x000001cf9e629740 DEOPT PACKING pc=0x000001cfa6a80849 sp=0x00000035d34fe010
Event: 8.893 Thread 0x000001cf9e629740 DEOPT UNPACKING pc=0x000001cfae004e42 sp=0x00000035d34fd488 mode 0
Event: 10.211 Thread 0x000001cf9e629740 DEOPT PACKING pc=0x000001cfa6a93319 sp=0x00000035d34fa630
Event: 10.211 Thread 0x000001cf9e629740 DEOPT UNPACKING pc=0x000001cfae004e42 sp=0x00000035d34f9a50 mode 0

Classes loaded (20 events):
Event: 8.964 Loading class java/util/LinkedHashMap$LinkedKeySet
Event: 8.965 Loading class java/util/LinkedHashMap$LinkedKeySet done
Event: 8.965 Loading class java/util/LinkedHashMap$LinkedKeyIterator
Event: 8.967 Loading class java/util/LinkedHashMap$LinkedKeyIterator done
Event: 8.984 Loading class java/lang/NoSuchFieldError
Event: 8.984 Loading class java/lang/NoSuchFieldError done
Event: 8.985 Loading class java/util/concurrent/atomic/AtomicBoolean
Event: 8.985 Loading class java/util/concurrent/atomic/AtomicBoolean done
Event: 8.986 Loading class java/lang/invoke/VarHandleInts$FieldInstanceReadWrite
Event: 8.986 Loading class java/lang/invoke/VarHandleInts$FieldInstanceReadOnly
Event: 8.986 Loading class java/lang/invoke/VarHandleInts$FieldInstanceReadOnly done
Event: 8.986 Loading class java/lang/invoke/VarHandleInts$FieldInstanceReadWrite done
Event: 9.446 Loading class java/io/StringWriter
Event: 9.446 Loading class java/io/StringWriter done
Event: 10.260 Loading class java/nio/file/ReadOnlyFileSystemException
Event: 10.260 Loading class java/nio/file/ReadOnlyFileSystemException done
Event: 10.292 Loading class java/nio/file/ClosedFileSystemException
Event: 10.292 Loading class java/nio/file/ClosedFileSystemException done
Event: 10.292 Loading class java/lang/ArrayIndexOutOfBoundsException
Event: 10.292 Loading class java/lang/ArrayIndexOutOfBoundsException done

Classes unloaded (0 events):
No events

Classes redefined (0 events):
No events

Internal exceptions (4 events):
Event: 8.890 Thread 0x000001cf9e629740 Exception <a 'java/lang/NoSuchMethodError'{0x00000005303c1c08}: 'void java.lang.invoke.DirectMethodHandle$Holder.invokeSpecial(java.lang.Object, java.lang.Object, java.lang.Object)'> (0x00000005303c1c08) 
thrown [s\open\src\hotspot\share\interpreter\linkResolver.cpp, line 773]
Event: 9.136 Thread 0x000001cf9e629740 Exception <a 'java/lang/NoSuchMethodError'{0x0000000530404df0}: 'void java.lang.invoke.DirectMethodHandle$Holder.invokeStatic(java.lang.Object, java.lang.Object)'> (0x0000000530404df0) 
thrown [s\open\src\hotspot\share\interpreter\linkResolver.cpp, line 773]
Event: 9.143 Thread 0x000001cf9e629740 Exception <a 'java/lang/NoSuchMethodError'{0x00000005304156f8}: 'int java.lang.invoke.DirectMethodHandle$Holder.invokeVirtual(java.lang.Object, java.lang.Object, java.lang.Object)'> (0x00000005304156f8) 
thrown [s\open\src\hotspot\share\interpreter\linkResolver.cpp, line 773]
Event: 9.144 Thread 0x000001cf9e629740 Exception <a 'java/lang/NoSuchMethodError'{0x000000053041b270}: 'void java.lang.invoke.DirectMethodHandle$Holder.invokeInterface(java.lang.Object, java.lang.Object, java.lang.Object)'> (0x000000053041b270) 
thrown [s\open\src\hotspot\share\interpreter\linkResolver.cpp, line 773]

ZGC Phase Switch (0 events):
No events

VM Operations (9 events):
Event: 6.845 Executing VM operation: Cleanup
Event: 6.845 Executing VM operation: Cleanup done
Event: 8.853 Executing VM operation: Cleanup
Event: 8.885 Executing VM operation: Cleanup done
Event: 8.968 Executing VM operation: HandshakeAllThreads (Deoptimize)
Event: 8.978 Executing VM operation: HandshakeAllThreads (Deoptimize) done
Event: 9.986 Executing VM operation: Cleanup
Event: 10.173 Executing VM operation: Cleanup done
Event: 11.183 Executing VM operation: Cleanup

Events (11 events):
Event: 4.541 Thread 0x000001cf9e629740 Thread added: 0x000001cf9e629740
Event: 5.004 Thread 0x000001cfc73c1ba0 Thread added: 0x000001cfc73c1ba0
Event: 5.004 Thread 0x000001cfc73c2c70 Thread added: 0x000001cfc73c2c70
Event: 5.005 Thread 0x000001cfc73c4bf0 Thread added: 0x000001cfc73c4bf0
Event: 5.005 Thread 0x000001cfc73c7760 Thread added: 0x000001cfc73c7760
Event: 5.005 Thread 0x000001cfc73c81c0 Thread added: 0x000001cfc73c81c0
Event: 5.005 Thread 0x000001cfc73c8c20 Thread added: 0x000001cfc73c8c20
Event: 5.005 Thread 0x000001cfc73c99b0 Thread added: 0x000001cfc73c99b0
Event: 5.008 Thread 0x000001cfc73ca7b0 Thread added: 0x000001cfc73ca7b0
Event: 5.113 Thread 0x000001d00d02d110 Thread added: 0x000001d00d02d110
Event: 5.204 Thread 0x000001d00d0820a0 Thread added: 0x000001d00d0820a0


Dynamic libraries:
0x00007ff605d40000 - 0x00007ff605d50000 	C:\Program Files\Java\jdk-21\bin\java.exe
0x00007ffaaabd0000 - 0x00007ffaaade7000 	C:\Windows\SYSTEM32\ntdll.dll
0x00007ffaaaaa0000 - 0x00007ffaaab64000 	C:\Windows\System32\KERNEL32.DLL
0x00007ffaa8390000 - 0x00007ffaa8736000 	C:\Windows\System32\KERNELBASE.dll
0x00007ffaa8740000 - 0x00007ffaa8851000 	C:\Windows\System32\ucrtbase.dll
0x00007ffa40950000 - 0x00007ffa40969000 	C:\Program Files\Java\jdk-21\bin\jli.dll
0x00007ffaa9fe0000 - 0x00007ffaaa093000 	C:\Windows\System32\ADVAPI32.dll
0x00007ffaa8920000 - 0x00007ffaa89c7000 	C:\Windows\System32\msvcrt.dll
0x00007ffaa9680000 - 0x00007ffaa9728000 	C:\Windows\System32\sechost.dll
0x00007ffaa7f10000 - 0x00007ffaa7f38000 	C:\Windows\System32\bcrypt.dll
0x00007ffaa8d60000 - 0x00007ffaa8e77000 	C:\Windows\System32\RPCRT4.dll
0x00007ffaa8e80000 - 0x00007ffaa902e000 	C:\Windows\System32\USER32.dll
0x00007ffaa7f40000 - 0x00007ffaa7f66000 	C:\Windows\System32\win32u.dll
0x00007ffaaa400000 - 0x00007ffaaa429000 	C:\Windows\System32\GDI32.dll
0x00007ffaa81f0000 - 0x00007ffaa8308000 	C:\Windows\System32\gdi32full.dll
0x00007ffaa7fe0000 - 0x00007ffaa807a000 	C:\Windows\System32\msvcp_win.dll
0x00007ffa8e000000 - 0x00007ffa8e293000 	C:\Windows\WinSxS\amd64_microsoft.windows.common-controls_6595b64144ccf1df_6.0.22621.2506_none_270c5ae97388e100\COMCTL32.dll
0x00007ffa9f380000 - 0x00007ffa9f38a000 	C:\Windows\SYSTEM32\VERSION.dll
0x00007ffa40930000 - 0x00007ffa4094b000 	C:\Program Files\Java\jdk-21\bin\VCRUNTIME140.dll
0x00007ffaaa4a0000 - 0x00007ffaaa4d1000 	C:\Windows\System32\IMM32.DLL
0x00007ffa40a00000 - 0x00007ffa40a0c000 	C:\Program Files\Java\jdk-21\bin\vcruntime140_1.dll
0x00007ffa408a0000 - 0x00007ffa4092e000 	C:\Program Files\Java\jdk-21\bin\msvcp140.dll
0x00007ff9e1050000 - 0x00007ff9e1d65000 	C:\Program Files\Java\jdk-21\bin\server\jvm.dll
0x00007ffaa89d0000 - 0x00007ffaa8a41000 	C:\Windows\System32\WS2_32.dll
0x00007ffaa7780000 - 0x00007ffaa77cd000 	C:\Windows\SYSTEM32\POWRPROF.dll
0x00007ffa9e160000 - 0x00007ffa9e194000 	C:\Windows\SYSTEM32\WINMM.dll
0x00007ffaa7740000 - 0x00007ffaa7753000 	C:\Windows\SYSTEM32\UMPDC.dll
0x00007ffaa6f00000 - 0x00007ffaa6f18000 	C:\Windows\SYSTEM32\kernel.appcore.dll
0x00007ffa40890000 - 0x00007ffa4089a000 	C:\Program Files\Java\jdk-21\bin\jimage.dll
0x00007ffaa5750000 - 0x00007ffaa5983000 	C:\Windows\SYSTEM32\DBGHELP.DLL
0x00007ffaa92f0000 - 0x00007ffaa9679000 	C:\Windows\System32\combase.dll
0x00007ffaaa9c0000 - 0x00007ffaaaa97000 	C:\Windows\System32\OLEAUT32.dll
0x00007ffa8a1f0000 - 0x00007ffa8a222000 	C:\Windows\SYSTEM32\dbgcore.DLL
0x00007ffaa8310000 - 0x00007ffaa838a000 	C:\Windows\System32\bcryptPrimitives.dll
0x00007ffa40870000 - 0x00007ffa4088f000 	C:\Program Files\Java\jdk-21\bin\java.dll
0x00007ffaa9730000 - 0x00007ffaa9f8a000 	C:\Windows\System32\SHELL32.dll
0x00007ffaa5e10000 - 0x00007ffaa6706000 	C:\Windows\SYSTEM32\windows.storage.dll
0x00007ffaa5cd0000 - 0x00007ffaa5e0e000 	C:\Windows\SYSTEM32\wintypes.dll
0x00007ffaaa0b0000 - 0x00007ffaaa1a3000 	C:\Windows\System32\SHCORE.dll
0x00007ffaaa430000 - 0x00007ffaaa48e000 	C:\Windows\System32\shlwapi.dll
0x00007ffaa7e40000 - 0x00007ffaa7e66000 	C:\Windows\SYSTEM32\profapi.dll
0x00007ffa40860000 - 0x00007ffa40870000 	C:\Program Files\Java\jdk-21\bin\net.dll
0x00007ffaa11d0000 - 0x00007ffaa1307000 	C:\Windows\SYSTEM32\WINHTTP.dll
0x00007ffaa7370000 - 0x00007ffaa73d9000 	C:\Windows\system32\mswsock.dll
0x00007ffa34570000 - 0x00007ffa34647000 	C:\Program Files\Java\jdk-21\bin\jsvml.dll
0x00007ffa40840000 - 0x00007ffa40856000 	C:\Program Files\Java\jdk-21\bin\nio.dll

dbghelp: loaded successfully - version: 4.0.5 - missing functions: none
symbol engine: initialized successfully - sym options: 0x614 - pdb path: .;C:\Program Files\Java\jdk-21\bin;C:\Windows\SYSTEM32;C:\Windows\WinSxS\amd64_microsoft.windows.common-controls_6595b64144ccf1df_6.0.22621.2506_none_270c5ae97388e100;C:\Program Files\Java\jdk-21\bin\server

VM Arguments:
jvm_args: --add-modules=ALL-DEFAULT 
java_command: jdk.compiler/com.sun.tools.javac.launcher.Main Client.java
java_class_path (initial): .
Launcher Type: SUN_STANDARD

[Global flags]
     intx CICompilerCount                          = 4                                         {product} {ergonomic}
     uint ConcGCThreads                            = 3                                         {product} {ergonomic}
     uint G1ConcRefinementThreads                  = 10                                        {product} {ergonomic}
   size_t G1HeapRegionSize                         = 8388608                                   {product} {ergonomic}
    uintx GCDrainStackTargetSize                   = 64                                        {product} {ergonomic}
   size_t InitialHeapSize                          = 805306368                                 {product} {ergonomic}
   size_t MarkStackSize                            = 4194304                                   {product} {ergonomic}
   size_t MaxHeapSize                              = 12876513280                               {product} {ergonomic}
   size_t MaxNewSize                               = 7725907968                                {product} {ergonomic}
   size_t MinHeapDeltaBytes                        = 8388608                                   {product} {ergonomic}
   size_t MinHeapSize                              = 8388608                                   {product} {ergonomic}
    uintx NonNMethodCodeHeapSize                   = 5839372                                {pd product} {ergonomic}
    uintx NonProfiledCodeHeapSize                  = 122909434                              {pd product} {ergonomic}
     bool PerfDisableSharedMem                     = true                                      {product} {ergonomic}
    uintx ProfiledCodeHeapSize                     = 122909434                              {pd product} {ergonomic}
    uintx ReservedCodeCacheSize                    = 251658240                              {pd product} {ergonomic}
     bool SegmentedCodeCache                       = true                                      {product} {ergonomic}
   size_t SoftMaxHeapSize                          = 12876513280                            {manageable} {ergonomic}
     bool UseCompressedOops                        = true                           {product lp64_product} {ergonomic}
     bool UseG1GC                                  = true                                      {product} {ergonomic}
     bool UseLargePagesIndividualAllocation        = false                                  {pd product} {ergonomic}

Logging:
Log output configuration:
 #0: stdout all=warning uptime,level,tags foldmultilines=false
 #1: stderr all=off uptime,level,tags foldmultilines=false

Environment Variables:
PATH=C:\Program Files\Common Files\Oracle\Java\javapath;C:\Ruby32-x64\bin;C:\Program Files\Eclipse Adoptium\jre-8.0.382.5-hotspot\bin;C:\Windows\system32;C:\Windows;C:\Windows\System32\Wbem;C:\Windows\System32\WindowsPowerShell\v1.0\;C:\Windows\System32\OpenSSH\;C:\ProgramData\chocolatey\bin;C:\Program Files\nodejs\;C:\Program Files\Git\cmd;C:\Program Files\dotnet\;C:\Users\Neme\AppData\Local\Programs\Python\Python311\Scripts\;C:\Users\Neme\AppData\Local\Programs\Python\Python311\;C:\Users\Neme\AppData\Local\Microsoft\WindowsApps;C:\Users\Neme\AppData\Local\Programs\Microsoft VS Code\bin;C:\Users\Neme\AppData\Local\JetBrains\Toolbox\scripts;C:\Users\Neme\AppData\Local\GitHubDesktop\bin;C:\Users\Neme\AppData\Roaming\npm;C:\Users\Neme\.dotnet\tools
USERNAME=Neme
OS=Windows_NT
PROCESSOR_IDENTIFIER=Intel64 Family 6 Model 158 Stepping 10, GenuineIntel
TMP=C:\Users\Neme\AppData\Local\Temp
TEMP=C:\Users\Neme\AppData\Local\Temp




Periodic native trim disabled

---------------  S Y S T E M  ---------------

OS:
 Windows 11 , 64 bit Build 22621 (10.0.22621.2506)
OS uptime: 0 days 7:25 hours
Hyper-V role detected

CPU: total 12 (initial active 12) (6 cores per cpu, 2 threads per core) family 6 model 158 stepping 10 microcode 0xea, cx8, cmov, fxsr, ht, mmx, 3dnowpref, sse, sse2, sse3, ssse3, sse4.1, sse4.2, popcnt, lzcnt, tsc, tscinvbit, avx, avx2, aes, erms, clmul, bmi1, bmi2, rtm, adx, fma, vzeroupper, clflush, clflushopt, hv, rdtscp, f16c
Processor Information for all 12 processors :
  Max Mhz: 3696, Current Mhz: 3696, Mhz Limit: 3696

Memory: 4k page, system-wide physical 49094M (34409M free)
TotalPageFile size 94580M (AvailPageFile size 860M)
current process WorkingSet (physical memory assigned to process): 48M, peak: 48M
current process commit charge ("private bytes"): 872M, peak: 872M

vm_info: Java HotSpot(TM) 64-Bit Server VM (21.0.1+12-LTS-29) for windows-amd64 JRE (21.0.1+12-LTS-29), built on 2023-10-05T13:27:09Z by "mach5one" with MS VC++ 17.1 (VS2022)

END.
